{"C:\\Users\\Administrator\\Desktop\\DOMinators_b\\config\\db.js": {"path":"C:\\Users\\Administrator\\Desktop\\DOMinators_b\\config\\db.js","statementMap":{"0":{"start":{"line":3,"column":0},"end":{"line":3,"column":16}},"1":{"start":{"line":5,"column":13},"end":{"line":14,"column":2}}},"fnMap":{},"branchMap":{},"s":{"0":2,"1":2},"f":{},"b":{},"_coverageSchema":"1a1c01bbd47fc00a2c39e90264f33305004495a9","hash":"b5a5f6610a154792b7a0e6a5220d79130f3516c1"}
,"C:\\Users\\Administrator\\Desktop\\DOMinators_b\\controllers\\assetControllers.js": {"path":"C:\\Users\\Administrator\\Desktop\\DOMinators_b\\controllers\\assetControllers.js","statementMap":{"0":{"start":{"line":5,"column":28},"end":{"line":13,"column":1}},"1":{"start":{"line":6,"column":2},"end":{"line":12,"column":3}},"2":{"start":{"line":7,"column":19},"end":{"line":7,"column":59}},"3":{"start":{"line":8,"column":4},"end":{"line":8,"column":19}},"4":{"start":{"line":10,"column":4},"end":{"line":10,"column":51}},"5":{"start":{"line":11,"column":4},"end":{"line":11,"column":62}},"6":{"start":{"line":16,"column":28},"end":{"line":33,"column":1}},"7":{"start":{"line":17,"column":17},"end":{"line":17,"column":27}},"8":{"start":{"line":19,"column":2},"end":{"line":32,"column":3}},"9":{"start":{"line":21,"column":21},"end":{"line":21,"column":59}},"10":{"start":{"line":23,"column":19},"end":{"line":23,"column":84}},"11":{"start":{"line":24,"column":4},"end":{"line":26,"column":5}},"12":{"start":{"line":25,"column":6},"end":{"line":25,"column":64}},"13":{"start":{"line":28,"column":4},"end":{"line":28,"column":22}},"14":{"start":{"line":30,"column":4},"end":{"line":30,"column":56}},"15":{"start":{"line":31,"column":4},"end":{"line":31,"column":61}}},"fnMap":{"0":{"name":"(anonymous_0)","decl":{"start":{"line":5,"column":28},"end":{"line":5,"column":29}},"loc":{"start":{"line":5,"column":48},"end":{"line":13,"column":1}},"line":5},"1":{"name":"(anonymous_1)","decl":{"start":{"line":16,"column":28},"end":{"line":16,"column":29}},"loc":{"start":{"line":16,"column":48},"end":{"line":33,"column":1}},"line":16}},"branchMap":{"0":{"loc":{"start":{"line":24,"column":4},"end":{"line":26,"column":5}},"type":"if","locations":[{"start":{"line":24,"column":4},"end":{"line":26,"column":5}},{"start":{},"end":{}}],"line":24}},"s":{"0":1,"1":2,"2":2,"3":1,"4":1,"5":1,"6":1,"7":4,"8":4,"9":4,"10":3,"11":2,"12":1,"13":1,"14":2,"15":2},"f":{"0":2,"1":4},"b":{"0":[1,1]},"_coverageSchema":"1a1c01bbd47fc00a2c39e90264f33305004495a9","hash":"b2176de2e3bf9addf3669dc1e461df6d7364af89"}
,"C:\\Users\\Administrator\\Desktop\\DOMinators_b\\controllers\\settlementControllers.js": {"path":"C:\\Users\\Administrator\\Desktop\\DOMinators_b\\controllers\\settlementControllers.js","statementMap":{"0":{"start":{"line":4,"column":27},"end":{"line":12,"column":1}},"1":{"start":{"line":5,"column":2},"end":{"line":11,"column":3}},"2":{"start":{"line":6,"column":19},"end":{"line":6,"column":64}},"3":{"start":{"line":7,"column":4},"end":{"line":7,"column":19}},"4":{"start":{"line":9,"column":4},"end":{"line":9,"column":56}},"5":{"start":{"line":10,"column":4},"end":{"line":10,"column":67}}},"fnMap":{"0":{"name":"(anonymous_0)","decl":{"start":{"line":4,"column":27},"end":{"line":4,"column":28}},"loc":{"start":{"line":4,"column":47},"end":{"line":12,"column":1}},"line":4}},"branchMap":{},"s":{"0":1,"1":2,"2":2,"3":1,"4":1,"5":1},"f":{"0":2},"b":{},"_coverageSchema":"1a1c01bbd47fc00a2c39e90264f33305004495a9","hash":"062f8af7b0302fce9da06713b95d0f9825db5771"}
,"C:\\Users\\Administrator\\Desktop\\DOMinators_b\\schemas\\assetValidation.js": {"path":"C:\\Users\\Administrator\\Desktop\\DOMinators_b\\schemas\\assetValidation.js","statementMap":{"0":{"start":{"line":11,"column":27},"end":{"line":17,"column":2}}},"fnMap":{},"branchMap":{},"s":{"0":1},"f":{},"b":{},"_coverageSchema":"1a1c01bbd47fc00a2c39e90264f33305004495a9","hash":"b04733f8e004a799f58241240607d5c1019631cd"}
,"C:\\Users\\Administrator\\Desktop\\DOMinators_b\\schemas\\transactionValidation.js": {"path":"C:\\Users\\Administrator\\Desktop\\DOMinators_b\\schemas\\transactionValidation.js","statementMap":{"0":{"start":{"line":12,"column":33},"end":{"line":22,"column":2}},"1":{"start":{"line":17,"column":34},"end":{"line":17,"column":58}}},"fnMap":{"0":{"name":"(anonymous_0)","decl":{"start":{"line":17,"column":26},"end":{"line":17,"column":27}},"loc":{"start":{"line":17,"column":34},"end":{"line":17,"column":58}},"line":17}},"branchMap":{},"s":{"0":1,"1":7},"f":{"0":7},"b":{},"_coverageSchema":"1a1c01bbd47fc00a2c39e90264f33305004495a9","hash":"3ef52761d7668ed80ee41b9869d2567e85850423"}
}
